[    0.000000] Initializing cgroup subsys cpuset
[    0.000000] Initializing cgroup subsys cpu
[    0.000000] Initializing cgroup subsys cpuacct
[    0.000000] Linux version 4.4.0-210-generic (buildd@lgw01-amd64-009) (gcc version 5.4.0 20160609 (Ubuntu 5.4.0-6ubuntu1~16.04.12) ) #242-Ubuntu SMP Fri Apr 16 09:57:56 UTC 2021 (Ubuntu 4.4.0-210.242-generic 4.4.262)
[    0.000000] Command line: BOOT_IMAGE=/boot/vmlinuz-4.4.0-210-generic root=LABEL=cloudimg-rootfs ro console=tty1 console=ttyS0
[    0.000000] KERNEL supported cpus:
[    0.000000]   Intel GenuineIntel
[    0.000000]   AMD AuthenticAMD
[    0.000000]   Centaur CentaurHauls
[    0.000000] [Firmware Bug]: TSC doesn't count with P0 frequency!
[    0.000000] x86/fpu: Legacy x87 FPU detected.
[    0.000000] e820: BIOS-provided physical RAM map:
[    0.000000] BIOS-e820: [mem 0x0000000000000000-0x000000000009fbff] usable
[    0.000000] BIOS-e820: [mem 0x000000000009fc00-0x000000000009ffff] reserved
[    0.000000] BIOS-e820: [mem 0x00000000000f0000-0x00000000000fffff] reserved
[    0.000000] BIOS-e820: [mem 0x0000000000100000-0x000000003ffeffff] usable
[    0.000000] BIOS-e820: [mem 0x000000003fff0000-0x000000003fffffff] ACPI data
[    0.000000] BIOS-e820: [mem 0x00000000fec00000-0x00000000fec00fff] reserved
[    0.000000] BIOS-e820: [mem 0x00000000fee00000-0x00000000fee00fff] reserved
[    0.000000] BIOS-e820: [mem 0x00000000fffc0000-0x00000000ffffffff] reserved
[    0.000000] NX (Execute Disable) protection: active
[    0.000000] SMBIOS 2.5 present.
[    0.000000] Hypervisor detected: KVM
[    0.000000] Kernel/User page tables isolation: disabled
[    0.000000] e820: last_pfn = 0x3fff0 max_arch_pfn = 0x400000000
[    0.000000] x86/PAT: Configuration [0-7]: WB  WC  UC- UC  WB  WC  UC- WT  
[    0.000000] CPU MTRRs all blank - virtualized system.
[    0.000000] found SMP MP-table at [mem 0x0009fbf0-0x0009fbff] mapped at [ffff88000009fbf0]
[    0.000000] Scanning 1 areas for low memory corruption
[    0.000000] RAMDISK: [mem 0x362dc000-0x37165fff]
[    0.000000] ACPI: Early table checksum verification disabled
[    0.000000] ACPI: RSDP 0x00000000000E0000 000024 (v02 VBOX  )
[    0.000000] ACPI: XSDT 0x000000003FFF0030 00003C (v01 VBOX   VBOXXSDT 00000001 ASL  00000061)
[    0.000000] ACPI: FACP 0x000000003FFF00F0 0000F4 (v04 VBOX   VBOXFACP 00000001 ASL  00000061)
[    0.000000] ACPI: DSDT 0x000000003FFF0610 002353 (v02 VBOX   VBOXBIOS 00000002 INTL 20100528)
[    0.000000] ACPI: FACS 0x000000003FFF0200 000040
[    0.000000] ACPI: FACS 0x000000003FFF0200 000040
[    0.000000] ACPI: APIC 0x000000003FFF0240 00005C (v02 VBOX   VBOXAPIC 00000001 ASL  00000061)
[    0.000000] ACPI: SSDT 0x000000003FFF02A0 00036C (v01 VBOX   VBOXCPUT 00000002 INTL 20100528)
[    0.000000] No NUMA configuration found
[    0.000000] Faking a node at [mem 0x0000000000000000-0x000000003ffeffff]
[    0.000000] NODE_DATA(0) allocated [mem 0x3ffeb000-0x3ffeffff]
[    0.000000] kvm-clock: Using msrs 4b564d01 and 4b564d00
[    0.000000] kvm-clock: cpu 0, msr 0:3ffe3001, primary cpu clock
[    0.000000] kvm-clock: using sched offset of 3405460412 cycles
[    0.000000] clocksource: kvm-clock: mask: 0xffffffffffffffff max_cycles: 0x1cd42e4dffb, max_idle_ns: 881590591483 ns
[    0.000000] Zone ranges:
[    0.000000]   DMA      [mem 0x0000000000001000-0x0000000000ffffff]
[    0.000000]   DMA32    [mem 0x0000000001000000-0x000000003ffeffff]
[    0.000000]   Normal   empty
[    0.000000]   Device   empty
[    0.000000] Movable zone start for each node
[    0.000000] Early memory node ranges
[    0.000000]   node   0: [mem 0x0000000000001000-0x000000000009efff]
[    0.000000]   node   0: [mem 0x0000000000100000-0x000000003ffeffff]
[    0.000000] Initmem setup node 0 [mem 0x0000000000001000-0x000000003ffeffff]
[    0.000000] ACPI: PM-Timer IO Port: 0x4008
[    0.000000] IOAPIC[0]: apic_id 2, version 32, address 0xfec00000, GSI 0-23
[    0.000000] ACPI: INT_SRC_OVR (bus 0 bus_irq 0 global_irq 2 dfl dfl)
[    0.000000] ACPI: INT_SRC_OVR (bus 0 bus_irq 9 global_irq 9 low level)
[    0.000000] Using ACPI (MADT) for SMP configuration information
[    0.000000] smpboot: Allowing 2 CPUs, 0 hotplug CPUs
[    0.000000] PM: Registered nosave memory: [mem 0x00000000-0x00000fff]
[    0.000000] PM: Registered nosave memory: [mem 0x0009f000-0x0009ffff]
[    0.000000] PM: Registered nosave memory: [mem 0x000a0000-0x000effff]
[    0.000000] PM: Registered nosave memory: [mem 0x000f0000-0x000fffff]
[    0.000000] e820: [mem 0x40000000-0xfebfffff] available for PCI devices
[    0.000000] Booting paravirtualized kernel on KVM
[    0.000000] clocksource: refined-jiffies: mask: 0xffffffff max_cycles: 0xffffffff, max_idle_ns: 7645519600211568 ns
[    0.000000] setup_percpu: NR_CPUS:512 nr_cpumask_bits:512 nr_cpu_ids:2 nr_node_ids:1
[    0.000000] PERCPU: Embedded 33 pages/cpu @ffff88003fc00000 s95192 r8192 d31784 u1048576
[    0.000000] Built 1 zonelists in Node order, mobility grouping on.  Total pages: 257912
[    0.000000] Policy zone: DMA32
[    0.000000] Kernel command line: BOOT_IMAGE=/boot/vmlinuz-4.4.0-210-generic root=LABEL=cloudimg-rootfs ro console=tty1 console=ttyS0
[    0.000000] PID hash table entries: 4096 (order: 3, 32768 bytes)
[    0.000000] Memory: 997792K/1048120K available (8644K kernel code, 1332K rwdata, 4044K rodata, 1492K init, 1164K bss, 50328K reserved, 0K cma-reserved)
[    0.000000] SLUB: HWalign=64, Order=0-3, MinObjects=0, CPUs=2, Nodes=1
[    0.000000] Hierarchical RCU implementation.
[    0.000000] 	Build-time adjustment of leaf fanout to 64.
[    0.000000] 	RCU restricting CPUs from NR_CPUS=512 to nr_cpu_ids=2.
[    0.000000] RCU: Adjusting geometry for rcu_fanout_leaf=64, nr_cpu_ids=2
[    0.000000] NR_IRQS:33024 nr_irqs:440 16
[    0.000000] Console: colour VGA+ 80x25
[    0.000000] console [tty1] enabled
[    0.000000] console [ttyS0] enabled
[    0.000000] tsc: Detected 3593.158 MHz processor
[    0.500702] Calibrating delay loop (skipped) preset value.. 7186.31 BogoMIPS (lpj=14372632)
[    0.508118] pid_max: default: 32768 minimum: 301
[    0.512101] ACPI: Core revision 20150930
[    0.517607] ACPI: 2 ACPI AML tables successfully acquired and loaded
[    0.523771] Security Framework initialized
[    0.527493] Yama: becoming mindful.
[    0.530710] AppArmor: AppArmor initialized
[    0.534426] Dentry cache hash table entries: 131072 (order: 8, 1048576 bytes)
[    0.544900] Inode-cache hash table entries: 65536 (order: 7, 524288 bytes)
[    0.553599] Mount-cache hash table entries: 2048 (order: 2, 16384 bytes)
[    0.560503] Mountpoint-cache hash table entries: 2048 (order: 2, 16384 bytes)
[    0.568214] Initializing cgroup subsys io
[    0.571649] Initializing cgroup subsys memory
[    0.575371] Initializing cgroup subsys devices
[    0.579018] Initializing cgroup subsys freezer
[    0.583984] Initializing cgroup subsys net_cls
[    0.587892] Initializing cgroup subsys perf_event
[    0.591719] Initializing cgroup subsys net_prio
[    0.596252] Initializing cgroup subsys hugetlb
[    0.601381] Initializing cgroup subsys pids
[    0.606241] mce: CPU supports 0 MCE banks
[    0.609979] Last level iTLB entries: 4KB 512, 2MB 512, 4MB 256
[    0.614945] Last level dTLB entries: 4KB 2048, 2MB 2048, 4MB 1024, 1GB 0
[    0.621476] Spectre V1 : Mitigation: usercopy/swapgs barriers and __user pointer sanitization
[    0.628674] Spectre V2 : Spectre mitigation: LFENCE not serializing, switching to generic retpoline
[    0.638249] Spectre V2 : Mitigation: Full generic retpoline
[    0.642828] Spectre V2 : Spectre v2 / SpectreRSB mitigation: Filling RSB on context switch
[    0.697429] Freeing SMP alternatives memory: 36K
[    0.811192] ftrace: allocating 32380 entries in 127 pages
[    1.572798] smpboot: APIC(0) Converting physical 0 to logical package 0
[    1.579929] smpboot: Max logical packages: 1
[    1.596243] ..TIMER: vector=0x30 apic1=0 pin1=2 apic2=-1 pin2=-1
[    1.709871] APIC calibration not consistent with PM-Timer: 102ms instead of 100ms
[    1.716189] APIC delta adjusted to PM-Timer: 6289310 (6463343)
[    1.721779] smpboot: CPU0: AMD Ryzen 5 5500GT with Radeon Graphics (family: 0x19, model: 0x50, stepping: 0x0)
[    1.731579] Performance Events: Broken PMU hardware detected, using software events only.
[    1.738323] Failed to access perfctr msr (MSR c0010007 is 0)
[    1.852952] KVM setup paravirtual spinlock
[    1.859319] x86: Booting SMP configuration:
[    1.862792] .... node  #0, CPUs:      #1
[    1.867363] kvm-clock: cpu 1, msr 0:3ffe3041, secondary cpu clock
[    1.872646] mce: CPU supports 0 MCE banks
[    1.876497] TSC synchronization [CPU#0 -> CPU#1]:
[    1.880337] Measured 63277 cycles TSC warp between CPUs, turning off TSC clock.
[    1.886838] tsc: Marking TSC unstable due to check_tsc_sync_source failed
[    0.573952] x86: Booted up 1 node, 2 CPUs
[    0.576003] smpboot: Total of 2 processors activated (14372.63 BogoMIPS)
[    0.588154] devtmpfs: initialized
[    0.592884] evm: security.selinux
[    0.596003] evm: security.SMACK64
[    0.598787] evm: security.SMACK64EXEC
[    0.600002] evm: security.SMACK64TRANSMUTE
[    0.604002] evm: security.SMACK64MMAP
[    0.608002] evm: security.ima
[    0.612002] evm: security.capability
[    0.616209] clocksource: jiffies: mask: 0xffffffff max_cycles: 0xffffffff, max_idle_ns: 7645041785100000 ns
[    0.620030] futex hash table entries: 512 (order: 3, 32768 bytes)
[    0.628116] pinctrl core: initialized pinctrl subsystem
[    0.632371] RTC time: 10:14:10, date: 11/20/25
[    0.636897] NET: Registered protocol family 16
[    0.652007] cpuidle: using governor ladder
[    0.664007] cpuidle: using governor menu
[    0.667615] PCCT header not found.
[    0.673206] ACPI: bus type PCI registered
[    0.676002] acpiphp: ACPI Hot Plug PCI Controller Driver version: 0.5
[    0.680512] PCI: Using configuration type 1 for base access
[    0.684001] PCI: Using configuration type 1 for extended access
[    0.704366] ACPI: Added _OSI(Module Device)
[    0.708002] ACPI: Added _OSI(Processor Device)
[    0.712002] ACPI: Added _OSI(3.0 _SCP Extensions)
[    0.716002] ACPI: Added _OSI(Processor Aggregator Device)
[    0.720899] ACPI: Executed 1 blocks of module-level executable AML code
[    0.732023] ACPI: Interpreter enabled
[    0.735110] ACPI: (supports S0 S5)
[    0.736002] ACPI: Using IOAPIC for interrupt routing
[    0.740342] PCI: Using host bridge windows from ACPI; if necessary, use "pci=nocrs" and report a bug
[    0.754781] ACPI: PCI Root Bridge [PCI0] (domain 0000 [bus 00-ff])
[    0.756006] acpi PNP0A03:00: _OSC: OS supports [ExtendedConfig ASPM ClockPM Segments MSI]
[    0.764427] acpi PNP0A03:00: _OSC: platform does not support [PCIeCapability]
[    0.768687] acpi PNP0A03:00: _OSC: not requesting control; platform does not support [PCIeCapability]
[    0.772003] acpi PNP0A03:00: _OSC: OS requested [PCIeHotplug PME AER PCIeCapability]
[    0.776003] acpi PNP0A03:00: _OSC: platform willing to grant [PCIeHotplug PME AER]
[    0.780003] acpi PNP0A03:00: _OSC failed (AE_SUPPORT); disabling ASPM
[    0.784672] PCI host bridge to bus 0000:00
[    0.788003] pci_bus 0000:00: root bus resource [io  0x0000-0x0cf7 window]
[    0.792003] pci_bus 0000:00: root bus resource [io  0x0d00-0xffff window]
[    0.796003] pci_bus 0000:00: root bus resource [mem 0x000a0000-0x000bffff window]
[    0.800003] pci_bus 0000:00: root bus resource [mem 0x40000000-0xfdffffff window]
[    0.804003] pci_bus 0000:00: root bus resource [bus 00-ff]
[    0.816485] pci 0000:00:01.1: legacy IDE quirk: reg 0x10: [io  0x01f0-0x01f7]
[    0.820002] pci 0000:00:01.1: legacy IDE quirk: reg 0x14: [io  0x03f6]
[    0.824002] pci 0000:00:01.1: legacy IDE quirk: reg 0x18: [io  0x0170-0x0177]
[    0.828003] pci 0000:00:01.1: legacy IDE quirk: reg 0x1c: [io  0x0376]
[    0.849725] pci 0000:00:07.0: quirk: [io  0x4000-0x403f] claimed by PIIX4 ACPI
[    0.852035] pci 0000:00:07.0: quirk: [io  0x4100-0x410f] claimed by PIIX4 SMB
[    0.869268] ACPI: PCI Interrupt Link [LNKA] (IRQs 5 9 10 *11)
[    0.874821] ACPI: PCI Interrupt Link [LNKB] (IRQs 5 9 *10 11)
[    0.881292] ACPI: PCI Interrupt Link [LNKC] (IRQs 5 *9 10 11)
[    0.886528] ACPI: PCI Interrupt Link [LNKD] (IRQs 5 9 10 *11)
[    0.893438] ACPI: Enabled 2 GPEs in block 00 to 07
[    0.896198] vgaarb: setting as boot device: PCI:0000:00:02.0
[    0.900000] vgaarb: device added: PCI:0000:00:02.0,decodes=io+mem,owns=io+mem,locks=none
[    0.900003] vgaarb: loaded
[    0.902219] vgaarb: bridge control possible 0000:00:02.0
[    0.904344] SCSI subsystem initialized
[    0.908236] ACPI: bus type USB registered
[    0.912036] usbcore: registered new interface driver usbfs
[    0.916029] usbcore: registered new interface driver hub
[    0.920008] usbcore: registered new device driver usb
[    0.924261] PCI: Using ACPI for IRQ routing
[    0.928795] NetLabel: Initializing
[    0.932002] NetLabel:  domain hash size = 128
[    0.936001] NetLabel:  protocols = UNLABELED CIPSOv4
[    0.940009] NetLabel:  unlabeled traffic allowed by default
[    0.944151] amd_nb: Cannot enumerate AMD northbridges
[    0.948244] clocksource: Switched to clocksource kvm-clock
[    0.956556] AppArmor: AppArmor Filesystem Enabled
[    0.956556] pnp: PnP ACPI init
[    0.956556] pnp: PnP ACPI: found 3 devices
[    1.030951] clocksource: acpi_pm: mask: 0xffffff max_cycles: 0xffffff, max_idle_ns: 2085701024 ns
[    1.032426] NET: Registered protocol family 2
[    1.041993] TCP established hash table entries: 8192 (order: 4, 65536 bytes)
[    1.047857] TCP bind hash table entries: 8192 (order: 5, 131072 bytes)
[    1.051528] TCP: Hash tables configured (established 8192 bind 8192)
[    1.051528] UDP hash table entries: 512 (order: 2, 16384 bytes)
[    1.051528] UDP-Lite hash table entries: 512 (order: 2, 16384 bytes)
[    1.051528] NET: Registered protocol family 1
[    1.051528] pci 0000:00:00.0: Limiting direct PCI/PCI transfers
[    1.051528] pci 0000:00:01.0: Activating ISA DMA hang workarounds
[    1.051528] Unpacking initramfs...
[    1.423756] Freeing initrd memory: 14888K
[    1.427529] clocksource: tsc: mask: 0xffffffffffffffff max_cycles: 0x33cb13c2b53, max_idle_ns: 440795263285 ns
[    1.435756] platform rtc_cmos: registered platform RTC device (no PNP device found)
[    1.442174] Scanning for low memory corruption every 60 seconds
[    1.448722] audit: initializing netlink subsys (disabled)
[    1.453384] audit: type=2000 audit(1763633655.019:1): initialized
[    1.458675] Initialise system trusted keyring
[    1.463656] HugeTLB registered 2 MB page size, pre-allocated 0 pages
[    1.474398] zbud: loaded
[    1.479934] VFS: Disk quotas dquot_6.6.0
[    1.486107] VFS: Dquot-cache hash table entries: 512 (order 0, 4096 bytes)
[    1.492803] squashfs: version 4.0 (2009/01/31) Phillip Lougher
[    1.499145] fuse init (API version 7.23)
[    1.502936] Key type big_key registered
[    1.506282] Allocating IMA MOK and blacklist keyrings.
[    1.521719] Key type asymmetric registered
[    1.524985] Asymmetric key parser 'x509' registered
[    1.529069] Block layer SCSI generic (bsg) driver version 0.4 loaded (major 249)
[    1.535527] io scheduler noop registered
[    1.538946] io scheduler deadline registered (default)
[    1.543190] io scheduler cfq registered
[    1.546532] pci_hotplug: PCI Hot Plug PCI Core version: 0.5
[    1.551034] pciehp: PCI Express Hot Plug Controller Driver version: 0.4
[    1.556677] ACPI: AC Adapter [AC] (on-line)
[    1.560693] input: Power Button as /devices/LNXSYSTM:00/LNXPWRBN:00/input/input0
[    1.566607] ACPI: Power Button [PWRF]
[    1.569839] input: Sleep Button as /devices/LNXSYSTM:00/LNXSLPBN:00/input/input1
[    1.575885] ACPI: Sleep Button [SLPF]
[    1.579789] GHES: HEST is not enabled!
[    1.583341] Serial: 8250/16550 driver, 32 ports, IRQ sharing enabled
[    1.614101] 00:02: ttyS0 at I/O 0x3f8 (irq = 4, base_baud = 115200) is a 16550A
[    1.631988] Linux agpgart interface v0.103
[    1.646425] loop: module loaded
[    1.652155] scsi host0: ata_piix
[    1.656745] scsi host1: ata_piix
[    1.659542] ata1: PATA max UDMA/33 cmd 0x1f0 ctl 0x3f6 bmdma 0xd000 irq 14
[    1.664932] ata2: PATA max UDMA/33 cmd 0x170 ctl 0x376 bmdma 0xd008 irq 15
[    1.670327] libphy: Fixed MDIO Bus: probed
[    1.673944] tun: Universal TUN/TAP device driver, 1.6
[    1.677820] tun: (C) 1999-2004 Max Krasnyansky <maxk@qualcomm.com>
[    1.683207] PPP generic driver version 2.4.2
[    1.687137] ehci_hcd: USB 2.0 'Enhanced' Host Controller (EHCI) Driver
[    1.692403] ehci-pci: EHCI PCI platform driver
[    1.695886] ehci-platform: EHCI generic platform driver
[    1.700133] ohci_hcd: USB 1.1 'Open' Host Controller (OHCI) Driver
[    1.705069] ohci-pci: OHCI PCI platform driver
[    1.708728] ohci-platform: OHCI generic platform driver
[    1.712934] uhci_hcd: USB Universal Host Controller Interface driver
[    1.717989] i8042: PNP: PS/2 Controller [PNP0303:PS2K,PNP0f03:PS2M] at 0x60,0x64 irq 1,12
[    1.727564] serio: i8042 KBD port at 0x60,0x64 irq 1
[    1.731718] serio: i8042 AUX port at 0x60,0x64 irq 12
[    1.736754] mousedev: PS/2 mouse device common for all mice
[    1.744796] rtc_cmos rtc_cmos: rtc core: registered rtc_cmos as rtc0
[    1.750681] input: AT Translated Set 2 keyboard as /devices/platform/i8042/serio0/input/input2
[    1.752912] rtc_cmos rtc_cmos: alarms up to one day, 114 bytes nvram
[    1.752917] i2c /dev entries driver
[    1.752983] device-mapper: uevent: version 1.0.3
[    1.753054] device-mapper: ioctl: 4.34.0-ioctl (2015-10-28) initialised: dm-devel@redhat.com
[    1.753066] ledtrig-cpu: registered to indicate activity on CPUs
[    1.764803] NET: Registered protocol family 10
[    1.768124] NET: Registered protocol family 17
[    1.768131] Key type dns_resolver registered
[    1.768508] registered taskstats version 1
[    1.768515] Loading compiled-in X.509 certificates
[    1.768824] Loaded X.509 cert 'Build time autogenerated kernel key: cf00e047681d67edb2720680708b7d9498083038'
[    1.768834] zswap: loaded using pool lzo/zbud
[    1.788740] Key type trusted registered
[    1.818088] Key type encrypted registered
[    1.822043] AppArmor: AppArmor sha1 policy hashing enabled
[    1.827225] ima: No TPM chip found, activating TPM-bypass!
[    1.832149] ima: Allocated hash algorithm: sha1
[    1.836284] evm: HMAC attrs: 0x1
[    1.881169]   Magic number: 1:761:224
[    1.885185] rtc_cmos rtc_cmos: setting system clock to 2025-11-20 10:14:11 UTC (1763633651)
[    1.892939] BIOS EDD facility v0.16 2004-Jun-25, 0 devices found
[    1.897887] EDD information not available.
[    1.903157] Freeing unused kernel memory: 1492K
[    1.907017] Write protecting the kernel read-only data: 14336k
[    1.912665] Freeing unused kernel memory: 1584K
[    1.916665] Freeing unused kernel memory: 52K
Loading, please wait...
starting version 229
[    1.941390] random: systemd-udevd: uninitialized urandom read (16 bytes read, 9 bits of entropy available)
[    1.942406] random: udevadm: uninitialized urandom read (16 bytes read, 9 bits of entropy available)
[    1.942416] random: udevadm: uninitialized urandom read (16 bytes read, 9 bits of entropy available)
[    1.951234] random: udevadm: uninitialized urandom read (16 bytes read, 9 bits of entropy available)
[    1.951261] random: udevadm: uninitialized urandom read (16 bytes read, 9 bits of entropy available)
[    1.951387] random: udevadm: uninitialized urandom read (16 bytes read, 9 bits of entropy available)
[    1.951417] random: udevadm: uninitialized urandom read (16 bytes read, 9 bits of entropy available)
[    1.951481] random: udevadm: uninitialized urandom read (16 bytes read, 9 bits of entropy available)
[    1.951507] random: udevadm: uninitialized urandom read (16 bytes read, 9 bits of entropy available)
[    1.951591] random: udevadm: uninitialized urandom read (16 bytes read, 9 bits of entropy available)
[    2.057669] e1000: Intel(R) PRO/1000 Network Driver - version 7.3.21-k8-NAPI
[    2.063453] e1000: Copyright (c) 1999-2006 Intel Corporation.
[    2.070468] Fusion MPT base driver 3.04.20
[    2.072135] Copyright (c) 1999-2008 LSI Corporation
[    2.100593] Fusion MPT SPI Host driver 3.04.20
[    2.108415] SSE version of gcm_enc/dec engaged.
[    2.280678] input: ImExPS/2 Generic Explorer Mouse as /devices/platform/i8042/serio1/input/input4
[    2.708482] e1000 0000:00:03.0 eth0: (PCI:33MHz:32-bit) 02:be:82:6b:cc:1d
[    2.713926] e1000 0000:00:03.0 eth0: Intel(R) PRO/1000 Network Connection
[    2.721663] mptbase: ioc0: Initiating bringup
[    2.799833] ioc0: LSI53C1030 A0: Capabilities={Initiator}
[    2.976679] scsi host2: ioc0: LSI53C1030 A0, FwRev=00000000h, Ports=1, MaxQ=256, IRQ=20
[    3.094019] scsi 2:0:0:0: Direct-Access     VBOX     HARDDISK         1.0  PQ: 0 ANSI: 5
[    3.100577] scsi target2:0:0: Beginning Domain Validation
[    3.110597] scsi target2:0:0: Domain Validation skipping write tests
[    3.115986] scsi target2:0:0: Ending Domain Validation
[    3.124362] scsi target2:0:0: asynchronous
[    3.130097] scsi 2:0:1:0: Direct-Access     VBOX     HARDDISK         1.0  PQ: 0 ANSI: 5
[    3.136985] scsi target2:0:1: Beginning Domain Validation
[    3.146341] scsi target2:0:1: Domain Validation skipping write tests
[    3.167597] scsi target2:0:1: Ending Domain Validation
[    3.173121] scsi target2:0:1: asynchronous
[    3.197916] sd 2:0:0:0: [sda] 83886080 512-byte logical blocks: (42.9 GB/40.0 GiB)
[    3.204607] sd 2:0:0:0: Attached scsi generic sg0 type 0
[    3.209607] sd 2:0:1:0: Attached scsi generic sg1 type 0
[    3.215148] sd 2:0:1:0: [sdb] 20480 512-byte logical blocks: (10.5 MB/10.0 MiB)
[    3.221708] sd 2:0:0:0: [sda] Write Protect is off
[    3.226828] sd 2:0:1:0: [sdb] Write Protect is off
[    3.231667] sd 2:0:0:0: [sda] Incomplete mode parameter data
[    3.236828] sd 2:0:0:0: [sda] Assuming drive cache: write through
[    3.242458] sd 2:0:1:0: [sdb] Incomplete mode parameter data
[    3.247604] sd 2:0:1:0: [sdb] Assuming drive cache: write through
[    3.257148]  sda: sda1
[    3.262008] sd 2:0:0:0: [sda] Attached SCSI disk
[    3.267821] sd 2:0:1:0: [sdb] Attached SCSI disk
[    3.826942] e1000 0000:00:08.0 eth1: (PCI:33MHz:32-bit) 08:00:27:d7:b0:25
[    3.832525] e1000 0000:00:08.0 eth1: Intel(R) PRO/1000 Network Connection
[    3.839773] e1000 0000:00:03.0 enp0s3: renamed from eth0
[    3.856930] e1000 0000:00:08.0 enp0s8: renamed from eth1
Begin: Loading essential drivers ... [    5.142158] md: linear personality registered for level -1
[    5.149898] md: multipath personality registered for level -4
[    5.157433] md: raid0 personality registered for level 0
[    5.174215] md: raid1 personality registered for level 1
[    5.248155] raid6: sse2x1   gen()  8237 MB/s
[    5.316859] raid6: sse2x1   xor() 13297 MB/s
[    5.388217] raid6: sse2x2   gen() 15267 MB/s
[    5.460437] raid6: sse2x2   xor() 17761 MB/s
[    5.532543] raid6: sse2x4   gen() 20797 MB/s
[    5.600398] raid6: sse2x4   xor() 11968 MB/s
[    5.603813] raid6: using algorithm sse2x4 gen() 20797 MB/s
[    5.608764] raid6: .... xor() 11968 MB/s, rmw enabled
[    5.612854] raid6: using ssse3x2 recovery algorithm
[    5.618970] xor: measuring software checksum speed
[  167.817897] INFO: rcu_sched detected stalls on CPUs/tasks:
[  167.821841] 	1-...: (3 ticks this GP) idle=2af/140000000000000/0 softirq=1014/1016 fqs=2 
[  167.821841] 	(detected by 0, t=40549 jiffies, g=-147, c=-148, q=73)
[  167.821841] Task dump for CPU 1:
[  167.821841] modprobe        R  running task        0   247    233 0x00000008
[  167.821841]  ffff88000012c000 ffff88000012c000 ffff88000012f000 0000000000000000
[  167.821841]  ffffffffc009e0c4 ffff880036d2b840 ffff880036e2fc88 ffffffffc009e1a7
[  167.821841]  ffffffff81e13080 ffff880036828ba0 ffff880036e2fd08 ffffffff81002135
[  167.821841] Call Trace:
[  167.821841]  [<ffffffffc009e0c4>] ? do_xor_speed+0xc4/0xc4 [xor]
[  167.821841]  [<ffffffffc009e1a7>] ? calibrate_xor_blocks+0xe3/0xf3c [xor]
[  167.821841]  [<ffffffff81002135>] ? do_one_initcall+0xb5/0x200
[  167.821841]  [<ffffffff811fa195>] ? kmem_cache_alloc_trace+0x185/0x1f0
[  167.821841]  [<ffffffff8185a350>] ? do_init_module+0x5f/0x1da
[  167.821841]  [<ffffffff8111254c>] ? load_module+0x171c/0x1c80
[  167.821841]  [<ffffffff8110e9d0>] ? __symbol_put+0x60/0x60
[  167.821841]  [<ffffffff81222b50>] ? kernel_read+0x50/0x80
[  167.821841]  [<ffffffff81112cf4>] ? SYSC_finit_module+0xb4/0xe0
[  167.821841]  [<ffffffff81112d3e>] ? SyS_finit_module+0xe/0x10
[  167.821841]  [<ffffffff8186bb5b>] ? entry_SYSCALL_64_fastpath+0x22/0xd0
[  167.821841] rcu_sched kthread starved for 40544 jiffies! g18446744073709551469 c18446744073709551468 f0x0 s3 ->state=0x1
