[    0.000000] Initializing cgroup subsys cpuset
[    0.000000] Initializing cgroup subsys cpu
[    0.000000] Initializing cgroup subsys cpuacct
[    0.000000] Linux version 4.4.0-210-generic (buildd@lgw01-amd64-009) (gcc version 5.4.0 20160609 (Ubuntu 5.4.0-6ubuntu1~16.04.12) ) #242-Ubuntu SMP Fri Apr 16 09:57:56 UTC 2021 (Ubuntu 4.4.0-210.242-generic 4.4.262)
[    0.000000] Command line: BOOT_IMAGE=/boot/vmlinuz-4.4.0-210-generic root=LABEL=cloudimg-rootfs ro console=tty1 console=ttyS0
[    0.000000] KERNEL supported cpus:
[    0.000000]   Intel GenuineIntel
[    0.000000]   AMD AuthenticAMD
[    0.000000]   Centaur CentaurHauls
[    0.000000] [Firmware Bug]: TSC doesn't count with P0 frequency!
[    0.000000] x86/fpu: Legacy x87 FPU detected.
[    0.000000] e820: BIOS-provided physical RAM map:
[    0.000000] BIOS-e820: [mem 0x0000000000000000-0x000000000009fbff] usable
[    0.000000] BIOS-e820: [mem 0x000000000009fc00-0x000000000009ffff] reserved
[    0.000000] BIOS-e820: [mem 0x00000000000f0000-0x00000000000fffff] reserved
[    0.000000] BIOS-e820: [mem 0x0000000000100000-0x000000003ffeffff] usable
[    0.000000] BIOS-e820: [mem 0x000000003fff0000-0x000000003fffffff] ACPI data
[    0.000000] BIOS-e820: [mem 0x00000000fec00000-0x00000000fec00fff] reserved
[    0.000000] BIOS-e820: [mem 0x00000000fee00000-0x00000000fee00fff] reserved
[    0.000000] BIOS-e820: [mem 0x00000000fffc0000-0x00000000ffffffff] reserved
[    0.000000] NX (Execute Disable) protection: active
[    0.000000] SMBIOS 2.5 present.
[    0.000000] Hypervisor detected: KVM
[    0.000000] Kernel/User page tables isolation: disabled
[    0.000000] e820: last_pfn = 0x3fff0 max_arch_pfn = 0x400000000
[    0.000000] x86/PAT: Configuration [0-7]: WB  WC  UC- UC  WB  WC  UC- WT  
[    0.000000] CPU MTRRs all blank - virtualized system.
[    0.000000] found SMP MP-table at [mem 0x0009fbf0-0x0009fbff] mapped at [ffff88000009fbf0]
[    0.000000] Scanning 1 areas for low memory corruption
[    0.000000] RAMDISK: [mem 0x362dc000-0x37165fff]
[    0.000000] ACPI: Early table checksum verification disabled
[    0.000000] ACPI: RSDP 0x00000000000E0000 000024 (v02 VBOX  )
[    0.000000] ACPI: XSDT 0x000000003FFF0030 00003C (v01 VBOX   VBOXXSDT 00000001 ASL  00000061)
[    0.000000] ACPI: FACP 0x000000003FFF00F0 0000F4 (v04 VBOX   VBOXFACP 00000001 ASL  00000061)
[    0.000000] ACPI: DSDT 0x000000003FFF0610 002353 (v02 VBOX   VBOXBIOS 00000002 INTL 20100528)
[    0.000000] ACPI: FACS 0x000000003FFF0200 000040
[    0.000000] ACPI: FACS 0x000000003FFF0200 000040
[    0.000000] ACPI: APIC 0x000000003FFF0240 00005C (v02 VBOX   VBOXAPIC 00000001 ASL  00000061)
[    0.000000] ACPI: SSDT 0x000000003FFF02A0 00036C (v01 VBOX   VBOXCPUT 00000002 INTL 20100528)
[    0.000000] No NUMA configuration found
[    0.000000] Faking a node at [mem 0x0000000000000000-0x000000003ffeffff]
[    0.000000] NODE_DATA(0) allocated [mem 0x3ffeb000-0x3ffeffff]
[    0.000000] kvm-clock: Using msrs 4b564d01 and 4b564d00
[    0.000000] kvm-clock: cpu 0, msr 0:3ffe3001, primary cpu clock
[    0.000000] kvm-clock: using sched offset of 3422821073 cycles
[    0.000000] clocksource: kvm-clock: mask: 0xffffffffffffffff max_cycles: 0x1cd42e4dffb, max_idle_ns: 881590591483 ns
[    0.000000] Zone ranges:
[    0.000000]   DMA      [mem 0x0000000000001000-0x0000000000ffffff]
[    0.000000]   DMA32    [mem 0x0000000001000000-0x000000003ffeffff]
[    0.000000]   Normal   empty
[    0.000000]   Device   empty
[    0.000000] Movable zone start for each node
[    0.000000] Early memory node ranges
[    0.000000]   node   0: [mem 0x0000000000001000-0x000000000009efff]
[    0.000000]   node   0: [mem 0x0000000000100000-0x000000003ffeffff]
[    0.000000] Initmem setup node 0 [mem 0x0000000000001000-0x000000003ffeffff]
[    0.000000] ACPI: PM-Timer IO Port: 0x4008
[    0.000000] IOAPIC[0]: apic_id 2, version 32, address 0xfec00000, GSI 0-23
[    0.000000] ACPI: INT_SRC_OVR (bus 0 bus_irq 0 global_irq 2 dfl dfl)
[    0.000000] ACPI: INT_SRC_OVR (bus 0 bus_irq 9 global_irq 9 low level)
[    0.000000] Using ACPI (MADT) for SMP configuration information
[    0.000000] smpboot: Allowing 2 CPUs, 0 hotplug CPUs
[    0.000000] PM: Registered nosave memory: [mem 0x00000000-0x00000fff]
[    0.000000] PM: Registered nosave memory: [mem 0x0009f000-0x0009ffff]
[    0.000000] PM: Registered nosave memory: [mem 0x000a0000-0x000effff]
[    0.000000] PM: Registered nosave memory: [mem 0x000f0000-0x000fffff]
[    0.000000] e820: [mem 0x40000000-0xfebfffff] available for PCI devices
[    0.000000] Booting paravirtualized kernel on KVM
[    0.000000] clocksource: refined-jiffies: mask: 0xffffffff max_cycles: 0xffffffff, max_idle_ns: 7645519600211568 ns
[    0.000000] setup_percpu: NR_CPUS:512 nr_cpumask_bits:512 nr_cpu_ids:2 nr_node_ids:1
[    0.000000] PERCPU: Embedded 33 pages/cpu @ffff88003fc00000 s95192 r8192 d31784 u1048576
[    0.000000] Built 1 zonelists in Node order, mobility grouping on.  Total pages: 257912
[    0.000000] Policy zone: DMA32
[    0.000000] Kernel command line: BOOT_IMAGE=/boot/vmlinuz-4.4.0-210-generic root=LABEL=cloudimg-rootfs ro console=tty1 console=ttyS0
[    0.000000] PID hash table entries: 4096 (order: 3, 32768 bytes)
[    0.000000] Memory: 997792K/1048120K available (8644K kernel code, 1332K rwdata, 4044K rodata, 1492K init, 1164K bss, 50328K reserved, 0K cma-reserved)
[    0.000000] SLUB: HWalign=64, Order=0-3, MinObjects=0, CPUs=2, Nodes=1
[    0.000000] Hierarchical RCU implementation.
[    0.000000] 	Build-time adjustment of leaf fanout to 64.
[    0.000000] 	RCU restricting CPUs from NR_CPUS=512 to nr_cpu_ids=2.
[    0.000000] RCU: Adjusting geometry for rcu_fanout_leaf=64, nr_cpu_ids=2
[    0.000000] NR_IRQS:33024 nr_irqs:440 16
[    0.000000] Console: colour VGA+ 80x25
[    0.000000] console [tty1] enabled
[    0.000000] console [ttyS0] enabled
[    0.000000] tsc: Detected 3593.158 MHz processor
[    0.510743] Calibrating delay loop (skipped) preset value.. 7186.31 BogoMIPS (lpj=14372632)
[    0.517734] pid_max: default: 32768 minimum: 301
[    0.521526] ACPI: Core revision 20150930
[    0.526839] ACPI: 2 ACPI AML tables successfully acquired and loaded
[    0.533143] Security Framework initialized
[    0.536662] Yama: becoming mindful.
[    0.539934] AppArmor: AppArmor initialized
[    0.543389] Dentry cache hash table entries: 131072 (order: 8, 1048576 bytes)
[    0.554165] Inode-cache hash table entries: 65536 (order: 7, 524288 bytes)
[    0.562285] Mount-cache hash table entries: 2048 (order: 2, 16384 bytes)
[    0.568985] Mountpoint-cache hash table entries: 2048 (order: 2, 16384 bytes)
[    0.577736] Initializing cgroup subsys io
[    0.581476] Initializing cgroup subsys memory
[    0.585894] Initializing cgroup subsys devices
[    0.589741] Initializing cgroup subsys freezer
[    0.594460] Initializing cgroup subsys net_cls
[    0.599340] Initializing cgroup subsys perf_event
[    0.603754] Initializing cgroup subsys net_prio
[    0.608690] Initializing cgroup subsys hugetlb
[    0.612694] Initializing cgroup subsys pids
[    0.618013] mce: CPU supports 0 MCE banks
[    0.621716] Last level iTLB entries: 4KB 512, 2MB 512, 4MB 256
[    0.627897] Last level dTLB entries: 4KB 2048, 2MB 2048, 4MB 1024, 1GB 0
[    0.634608] Spectre V1 : Mitigation: usercopy/swapgs barriers and __user pointer sanitization
[    0.643489] Spectre V2 : Spectre mitigation: LFENCE not serializing, switching to generic retpoline
[    0.653120] Spectre V2 : Mitigation: Full generic retpoline
[    0.658101] Spectre V2 : Spectre v2 / SpectreRSB mitigation: Filling RSB on context switch
[    0.713065] Freeing SMP alternatives memory: 36K
[    0.825801] ftrace: allocating 32380 entries in 127 pages
[    1.577740] smpboot: APIC(0) Converting physical 0 to logical package 0
[    1.583474] smpboot: Max logical packages: 1
[    1.599920] ..TIMER: vector=0x30 apic1=0 pin1=2 apic2=-1 pin2=-1
[    1.713882] APIC calibration not consistent with PM-Timer: 102ms instead of 100ms
[    1.720660] APIC delta adjusted to PM-Timer: 6310517 (6457952)
[    1.726229] smpboot: CPU0: AMD Ryzen 5 5500GT with Radeon Graphics (family: 0x19, model: 0x50, stepping: 0x0)
[    1.736448] Performance Events: Broken PMU hardware detected, using software events only.
[    1.743530] Failed to access perfctr msr (MSR c0010007 is 0)
[    1.861845] KVM setup paravirtual spinlock
[    1.868250] x86: Booting SMP configuration:
[    1.871772] .... node  #0, CPUs:      #1
[    1.876599] kvm-clock: cpu 1, msr 0:3ffe3041, secondary cpu clock
[    1.881607] mce: CPU supports 0 MCE banks
[    1.885445] TSC synchronization [CPU#0 -> CPU#1]:
[    1.889299] Measured 96046 cycles TSC warp between CPUs, turning off TSC clock.
[    1.894997] tsc: Marking TSC unstable due to check_tsc_sync_source failed
[    0.569998] x86: Booted up 1 node, 2 CPUs
[    0.572005] smpboot: Total of 2 processors activated (14372.63 BogoMIPS)
[    0.581657] devtmpfs: initialized
[    0.585324] evm: security.selinux
[    0.588003] evm: security.SMACK64
[    0.592003] evm: security.SMACK64EXEC
[    0.596003] evm: security.SMACK64TRANSMUTE
[    0.599292] evm: security.SMACK64MMAP
[    0.600002] evm: security.ima
[    0.604002] evm: security.capability
[    0.608300] clocksource: jiffies: mask: 0xffffffff max_cycles: 0xffffffff, max_idle_ns: 7645041785100000 ns
[    0.612168] futex hash table entries: 512 (order: 3, 32768 bytes)
[    0.616328] pinctrl core: initialized pinctrl subsystem
[    0.620372] RTC time: 10:18:25, date: 11/19/25
[    0.628624] NET: Registered protocol family 16
[    0.644008] cpuidle: using governor ladder
[    0.656006] cpuidle: using governor menu
[    0.659360] PCCT header not found.
[    0.664812] ACPI: bus type PCI registered
[    0.668000] acpiphp: ACPI Hot Plug PCI Controller Driver version: 0.5
[    0.668500] PCI: Using configuration type 1 for base access
[    0.672002] PCI: Using configuration type 1 for extended access
[    0.696388] ACPI: Added _OSI(Module Device)
[    0.700002] ACPI: Added _OSI(Processor Device)
[    0.704002] ACPI: Added _OSI(3.0 _SCP Extensions)
[    0.708004] ACPI: Added _OSI(Processor Aggregator Device)
[    0.712920] ACPI: Executed 1 blocks of module-level executable AML code
[    0.724034] ACPI: Interpreter enabled
[    0.727014] ACPI: (supports S0 S5)
[    0.728003] ACPI: Using IOAPIC for interrupt routing
[    0.732371] PCI: Using host bridge windows from ACPI; if necessary, use "pci=nocrs" and report a bug
[    0.744000] ACPI: PCI Root Bridge [PCI0] (domain 0000 [bus 00-ff])
[    0.744006] acpi PNP0A03:00: _OSC: OS supports [ExtendedConfig ASPM ClockPM Segments MSI]
[    0.749397] acpi PNP0A03:00: _OSC: platform does not support [PCIeCapability]
[    0.752679] acpi PNP0A03:00: _OSC: not requesting control; platform does not support [PCIeCapability]
[    0.756005] acpi PNP0A03:00: _OSC: OS requested [PCIeHotplug PME AER PCIeCapability]
[    0.760003] acpi PNP0A03:00: _OSC: platform willing to grant [PCIeHotplug PME AER]
[    0.764003] acpi PNP0A03:00: _OSC failed (AE_SUPPORT); disabling ASPM
[    0.768714] PCI host bridge to bus 0000:00
[    0.772003] pci_bus 0000:00: root bus resource [io  0x0000-0x0cf7 window]
[    0.776003] pci_bus 0000:00: root bus resource [io  0x0d00-0xffff window]
[    0.780004] pci_bus 0000:00: root bus resource [mem 0x000a0000-0x000bffff window]
[    0.784003] pci_bus 0000:00: root bus resource [mem 0x40000000-0xfdffffff window]
[    0.788005] pci_bus 0000:00: root bus resource [bus 00-ff]
[    0.800002] pci 0000:00:01.1: legacy IDE quirk: reg 0x10: [io  0x01f0-0x01f7]
[    0.804003] pci 0000:00:01.1: legacy IDE quirk: reg 0x14: [io  0x03f6]
[    0.808004] pci 0000:00:01.1: legacy IDE quirk: reg 0x18: [io  0x0170-0x0177]
[    0.812003] pci 0000:00:01.1: legacy IDE quirk: reg 0x1c: [io  0x0376]
[    0.834088] pci 0000:00:07.0: quirk: [io  0x4000-0x403f] claimed by PIIX4 ACPI
[    0.836038] pci 0000:00:07.0: quirk: [io  0x4100-0x410f] claimed by PIIX4 SMB
[    0.850683] ACPI: PCI Interrupt Link [LNKA] (IRQs 5 9 10 *11)
[    0.857158] ACPI: PCI Interrupt Link [LNKB] (IRQs 5 9 *10 11)
[    0.862482] ACPI: PCI Interrupt Link [LNKC] (IRQs 5 *9 10 11)
[    0.869315] ACPI: PCI Interrupt Link [LNKD] (IRQs 5 9 10 *11)
[    0.874585] ACPI: Enabled 2 GPEs in block 00 to 07
[    0.880040] vgaarb: setting as boot device: PCI:0000:00:02.0
[    0.884000] vgaarb: device added: PCI:0000:00:02.0,decodes=io+mem,owns=io+mem,locks=none
[    0.884005] vgaarb: loaded
[    0.888002] vgaarb: bridge control possible 0000:00:02.0
[    0.892401] SCSI subsystem initialized
[    0.896354] ACPI: bus type USB registered
[    0.900039] usbcore: registered new interface driver usbfs
[    0.904029] usbcore: registered new interface driver hub
[    0.908009] usbcore: registered new device driver usb
[    0.912268] PCI: Using ACPI for IRQ routing
[    0.916804] NetLabel: Initializing
[    0.920002] NetLabel:  domain hash size = 128
[    0.924001] NetLabel:  protocols = UNLABELED CIPSOv4
[    0.928013] NetLabel:  unlabeled traffic allowed by default
[    0.932160] amd_nb: Cannot enumerate AMD northbridges
[    0.936245] clocksource: Switched to clocksource kvm-clock
[    0.944648] AppArmor: AppArmor Filesystem Enabled
[    0.944648] pnp: PnP ACPI init
[    0.944648] pnp: PnP ACPI: found 3 devices
[    1.018797] clocksource: acpi_pm: mask: 0xffffff max_cycles: 0xffffff, max_idle_ns: 2085701024 ns
[    1.020269] NET: Registered protocol family 2
[    1.029936] TCP established hash table entries: 8192 (order: 4, 65536 bytes)
[    1.035769] TCP bind hash table entries: 8192 (order: 5, 131072 bytes)
[    1.039438] TCP: Hash tables configured (established 8192 bind 8192)
[    1.039438] UDP hash table entries: 512 (order: 2, 16384 bytes)
[    1.039438] UDP-Lite hash table entries: 512 (order: 2, 16384 bytes)
[    1.039438] NET: Registered protocol family 1
[    1.039438] pci 0000:00:00.0: Limiting direct PCI/PCI transfers
[    1.039438] pci 0000:00:01.0: Activating ISA DMA hang workarounds
[    1.039438] Unpacking initramfs...
[    1.426048] Freeing initrd memory: 14888K
[    1.429868] clocksource: tsc: mask: 0xffffffffffffffff max_cycles: 0x33cb13c2b53, max_idle_ns: 440795263285 ns
[    1.438051] platform rtc_cmos: registered platform RTC device (no PNP device found)
[    1.444824] Scanning for low memory corruption every 60 seconds
[    1.451001] audit: initializing netlink subsys (disabled)
[    1.455623] audit: type=2000 audit(1763547509.867:1): initialized
[    1.461249] Initialise system trusted keyring
[    1.466065] HugeTLB registered 2 MB page size, pre-allocated 0 pages
[    1.476342] zbud: loaded
[    1.482275] VFS: Disk quotas dquot_6.6.0
[    1.485517] VFS: Dquot-cache hash table entries: 512 (order 0, 4096 bytes)
[    1.491238] squashfs: version 4.0 (2009/01/31) Phillip Lougher
[    1.497704] fuse init (API version 7.23)
[    1.501633] Key type big_key registered
[    1.504864] Allocating IMA MOK and blacklist keyrings.
[    1.521053] Key type asymmetric registered
[    1.524398] Asymmetric key parser 'x509' registered
[    1.528606] Block layer SCSI generic (bsg) driver version 0.4 loaded (major 249)
[    1.534947] io scheduler noop registered
[    1.538270] io scheduler deadline registered (default)
[    1.542776] io scheduler cfq registered
[    1.546401] pci_hotplug: PCI Hot Plug PCI Core version: 0.5
[    1.550855] pciehp: PCI Express Hot Plug Controller Driver version: 0.4
[    1.556513] ACPI: AC Adapter [AC] (on-line)
[    1.560433] input: Power Button as /devices/LNXSYSTM:00/LNXPWRBN:00/input/input0
[    1.566443] ACPI: Power Button [PWRF]
[    1.569743] input: Sleep Button as /devices/LNXSYSTM:00/LNXSLPBN:00/input/input1
[    1.576028] ACPI: Sleep Button [SLPF]
[    1.580143] GHES: HEST is not enabled!
[    1.583641] Serial: 8250/16550 driver, 32 ports, IRQ sharing enabled
[    1.614718] 00:02: ttyS0 at I/O 0x3f8 (irq = 4, base_baud = 115200) is a 16550A
[    1.632453] Linux agpgart interface v0.103
[    1.647531] loop: module loaded
[    1.653347] scsi host0: ata_piix
[    1.660781] scsi host1: ata_piix
[    1.663452] ata1: PATA max UDMA/33 cmd 0x1f0 ctl 0x3f6 bmdma 0xd000 irq 14
[    1.669322] ata2: PATA max UDMA/33 cmd 0x170 ctl 0x376 bmdma 0xd008 irq 15
[    1.675028] libphy: Fixed MDIO Bus: probed
[    1.678656] tun: Universal TUN/TAP device driver, 1.6
[    1.682606] tun: (C) 1999-2004 Max Krasnyansky <maxk@qualcomm.com>
[    1.688372] PPP generic driver version 2.4.2
[    1.692511] ehci_hcd: USB 2.0 'Enhanced' Host Controller (EHCI) Driver
[    1.697692] ehci-pci: EHCI PCI platform driver
[    1.701425] ehci-platform: EHCI generic platform driver
[    1.705679] ohci_hcd: USB 1.1 'Open' Host Controller (OHCI) Driver
[    1.711243] ohci-pci: OHCI PCI platform driver
[    1.714884] ohci-platform: OHCI generic platform driver
[    1.719189] uhci_hcd: USB Universal Host Controller Interface driver
[    1.724409] i8042: PNP: PS/2 Controller [PNP0303:PS2K,PNP0f03:PS2M] at 0x60,0x64 irq 1,12
[    1.733793] serio: i8042 KBD port at 0x60,0x64 irq 1
[    1.738079] serio: i8042 AUX port at 0x60,0x64 irq 12
[    1.743735] mousedev: PS/2 mouse device common for all mice
[    1.751232] rtc_cmos rtc_cmos: rtc core: registered rtc_cmos as rtc0
[    1.757174] input: AT Translated Set 2 keyboard as /devices/platform/i8042/serio0/input/input2
[    1.760587] rtc_cmos rtc_cmos: alarms up to one day, 114 bytes nvram
[    1.760597] i2c /dev entries driver
[    1.760699] device-mapper: uevent: version 1.0.3
[    1.760743] device-mapper: ioctl: 4.34.0-ioctl (2015-10-28) initialised: dm-devel@redhat.com
[    1.760759] ledtrig-cpu: registered to indicate activity on CPUs
[    1.776884] NET: Registered protocol family 10
[    1.781194] NET: Registered protocol family 17
[    1.781204] Key type dns_resolver registered
[    1.781473] registered taskstats version 1
[    1.781481] Loading compiled-in X.509 certificates
[    1.781860] Loaded X.509 cert 'Build time autogenerated kernel key: cf00e047681d67edb2720680708b7d9498083038'
[    1.781870] zswap: loaded using pool lzo/zbud
[    1.800299] Key type trusted registered
[    1.825859] Key type encrypted registered
[    1.830227] AppArmor: AppArmor sha1 policy hashing enabled
[    1.835173] ima: No TPM chip found, activating TPM-bypass!
[    1.840045] ima: Allocated hash algorithm: sha1
[    1.844614] evm: HMAC attrs: 0x1
[    1.895084]   Magic number: 1:789:325
[    1.899201] rtc_cmos rtc_cmos: setting system clock to 2025-11-19 10:18:26 UTC (1763547506)
[    1.906945] BIOS EDD facility v0.16 2004-Jun-25, 0 devices found
[    1.911704] EDD information not available.
[    1.916883] Freeing unused kernel memory: 1492K
[    1.920169] Write protecting the kernel read-only data: 14336k
[    1.925863] Freeing unused kernel memory: 1584K
[    1.929812] Freeing unused kernel memory: 52K
Loading, please wait...
starting version 229
[    1.954924] random: systemd-udevd: uninitialized urandom read (16 bytes read, 9 bits of entropy available)
[    1.955603] random: udevadm: uninitialized urandom read (16 bytes read, 9 bits of entropy available)
[    1.955614] random: udevadm: uninitialized urandom read (16 bytes read, 9 bits of entropy available)
[    1.964622] random: udevadm: uninitialized urandom read (16 bytes read, 9 bits of entropy available)
[    1.964646] random: udevadm: uninitialized urandom read (16 bytes read, 9 bits of entropy available)
[    1.964775] random: udevadm: uninitialized urandom read (16 bytes read, 9 bits of entropy available)
[    1.964857] random: udevadm: uninitialized urandom read (16 bytes read, 9 bits of entropy available)
[    1.964921] random: udevadm: uninitialized urandom read (16 bytes read, 9 bits of entropy available)
[    1.964951] random: udevadm: uninitialized urandom read (16 bytes read, 9 bits of entropy available)
[    1.964977] random: udevadm: uninitialized urandom read (16 bytes read, 9 bits of entropy available)
[    2.053423] Fusion MPT base driver 3.04.20
[    2.056971] Copyright (c) 1999-2008 LSI Corporation
[    2.079665] e1000: Intel(R) PRO/1000 Network Driver - version 7.3.21-k8-NAPI
[    2.086116] e1000: Copyright (c) 1999-2006 Intel Corporation.
[    2.096338] SSE version of gcm_enc/dec engaged.
[    2.102632] Fusion MPT SPI Host driver 3.04.20
[    2.322612] input: ImExPS/2 Generic Explorer Mouse as /devices/platform/i8042/serio1/input/input4
[    2.696126] e1000 0000:00:03.0 eth0: (PCI:33MHz:32-bit) 02:be:82:6b:cc:1d
[    2.733769] e1000 0000:00:03.0 eth0: Intel(R) PRO/1000 Network Connection
[    2.740972] mptbase: ioc0: Initiating bringup
[    2.818685] ioc0: LSI53C1030 A0: Capabilities={Initiator}
[    2.996156] scsi host2: ioc0: LSI53C1030 A0, FwRev=00000000h, Ports=1, MaxQ=256, IRQ=20
[    3.113873] scsi 2:0:0:0: Direct-Access     VBOX     HARDDISK         1.0  PQ: 0 ANSI: 5
[    3.120810] scsi target2:0:0: Beginning Domain Validation
[    3.130088] scsi target2:0:0: Domain Validation skipping write tests
[    3.135556] scsi target2:0:0: Ending Domain Validation
[    3.140447] scsi target2:0:0: asynchronous
[    3.145970] scsi 2:0:1:0: Direct-Access     VBOX     HARDDISK         1.0  PQ: 0 ANSI: 5
[    3.152410] scsi target2:0:1: Beginning Domain Validation
[    3.162916] scsi target2:0:1: Domain Validation skipping write tests
[    3.169421] scsi target2:0:1: Ending Domain Validation
[    3.173975] scsi target2:0:1: asynchronous
[    3.200928] sd 2:0:0:0: Attached scsi generic sg0 type 0
[    3.205646] sd 2:0:0:0: [sda] 83886080 512-byte logical blocks: (42.9 GB/40.0 GiB)
[    3.212394] sd 2:0:1:0: Attached scsi generic sg1 type 0
[    3.217624] sd 2:0:1:0: [sdb] 20480 512-byte logical blocks: (10.5 MB/10.0 MiB)
[    3.223771] sd 2:0:0:0: [sda] Write Protect is off
[    3.228994] sd 2:0:0:0: [sda] Incomplete mode parameter data
[    3.233551] sd 2:0:0:0: [sda] Assuming drive cache: write through
[    3.238901] sd 2:0:1:0: [sdb] Write Protect is off
[    3.243932] sd 2:0:1:0: [sdb] Incomplete mode parameter data
[    3.248637] sd 2:0:1:0: [sdb] Assuming drive cache: write through
[    3.256615]  sda: sda1
[    3.261497] sd 2:0:0:0: [sda] Attached SCSI disk
[    3.267745] sd 2:0:1:0: [sdb] Attached SCSI disk
[    3.738874] e1000 0000:00:08.0 eth1: (PCI:33MHz:32-bit) 08:00:27:68:11:50
[    3.745126] e1000 0000:00:08.0 eth1: Intel(R) PRO/1000 Network Connection
[    3.752661] e1000 0000:00:03.0 enp0s3: renamed from eth0
[    3.769457] e1000 0000:00:08.0 enp0s8: renamed from eth1
Begin: Loading essential drivers ... [    5.045599] md: linear personality registered for level -1
[    5.054024] md: multipath personality registered for level -4
[    5.061563] md: raid0 personality registered for level 0
[    5.078513] md: raid1 personality registered for level 1
